{
  "stats": {
    "suites": 1,
    "tests": 1,
    "passes": 1,
    "pending": 0,
    "failures": 0,
    "start": "2023-04-28T03:53:04.947Z",
    "end": "2023-04-28T03:53:33.013Z",
    "duration": 28066,
    "testsRegistered": 1,
    "passPercent": 100,
    "pendingPercent": 0,
    "other": 0,
    "hasOther": false,
    "skipped": 0,
    "hasSkipped": false
  },
  "results": [
    {
      "uuid": "8a25f7f6-81bc-4c4a-a33d-e929745457ba",
      "title": "",
      "fullFile": "cypress\\e2e\\patterns\\page_object.cy.js",
      "file": "cypress\\e2e\\patterns\\page_object.cy.js",
      "beforeHooks": [],
      "afterHooks": [],
      "tests": [],
      "suites": [
        {
          "uuid": "64c01a69-856f-4e6f-bf91-577118cfdffa",
          "title": "Verify NOP Comm Login",
          "fullFile": "",
          "file": "",
          "beforeHooks": [],
          "afterHooks": [],
          "tests": [
            {
              "title": "verifyLogin and Logout with valid user credenatils - Page Object Model",
              "fullTitle": "Verify NOP Comm Login verifyLogin and Logout with valid user credenatils - Page Object Model",
              "timedOut": null,
              "duration": 20407,
              "state": "passed",
              "speed": "slow",
              "pass": true,
              "fail": false,
              "pending": false,
              "context": "{\n  \"title\": \"cypress-mochawesome-reporter-videos\",\n  \"value\": \"cypress\\\\e2e\\\\patterns\\\\page_object.cy.js\"\n}",
              "code": "// Get strings from nopSelectors.json\ncy.fixture('nopSelectors').then(nopValues => {\n  cy.TestLoginPage(nopValues.login);\n  cy.TestCustomerMenu(nopValues.menu);\n  cy.TestCustomerSearch(nopValues.search);\n});",
              "err": {},
              "uuid": "d1125437-42eb-4044-8c7f-9e7fd71c0593",
              "parentUUID": "64c01a69-856f-4e6f-bf91-577118cfdffa",
              "isHook": false,
              "skipped": false
            }
          ],
          "suites": [],
          "passes": [
            "d1125437-42eb-4044-8c7f-9e7fd71c0593"
          ],
          "failures": [],
          "pending": [],
          "skipped": [],
          "duration": 20407,
          "root": false,
          "rootEmpty": false,
          "_timeout": 2000
        }
      ],
      "passes": [],
      "failures": [],
      "pending": [],
      "skipped": [],
      "duration": 0,
      "root": true,
      "rootEmpty": true,
      "_timeout": 2000
    }
  ],
  "meta": {
    "mocha": {
      "version": "7.0.1"
    },
    "mochawesome": {
      "options": {
        "quiet": false,
        "reportFilename": "mochaTestRun",
        "saveHtml": true,
        "saveJson": true,
        "consoleReporter": "spec",
        "useInlineDiffs": false,
        "code": true
      },
      "version": "7.1.3"
    },
    "marge": {
      "options": {
        "reportDir": "cypress/reports",
        "reportFilename": "mochaTestRun",
        "charts": true,
        "reportPageTitle": "Mocha Test Suite",
        "html": true,
        "embeddedScreenshots": true,
        "inlineAssets": true
      },
      "version": "6.2.0"
    }
  }
}