{
  "stats": {
    "suites": 1,
    "tests": 1,
    "passes": 1,
    "pending": 0,
    "failures": 0,
    "start": "2023-04-26T18:16:51.549Z",
    "end": "2023-04-26T18:17:01.173Z",
    "duration": 9624,
    "testsRegistered": 1,
    "passPercent": 100,
    "pendingPercent": 0,
    "other": 0,
    "hasOther": false,
    "skipped": 0,
    "hasSkipped": false
  },
  "results": [
    {
      "uuid": "7e764cbd-6ede-458a-91d0-41e7fa9789e9",
      "title": "",
      "fullFile": "cypress/e2e/patterns/page_object.cy.js",
      "file": "cypress/e2e/patterns/page_object.cy.js",
      "beforeHooks": [],
      "afterHooks": [],
      "tests": [],
      "suites": [
        {
          "uuid": "616a3a04-4eb5-43d9-b8e8-5dff9e223409",
          "title": "Verify NOP Comm Login",
          "fullFile": "",
          "file": "",
          "beforeHooks": [],
          "afterHooks": [],
          "tests": [
            {
              "title": "verifyLogin and Logout with valid user credenatils - Page Object Model",
              "fullTitle": "Verify NOP Comm Login verifyLogin and Logout with valid user credenatils - Page Object Model",
              "timedOut": null,
              "duration": 7877,
              "state": "passed",
              "speed": "medium",
              "pass": true,
              "fail": false,
              "pending": false,
              "context": "{\n  \"title\": \"cypress-mochawesome-reporter-videos\",\n  \"value\": \"cypress/e2e/patterns/page_object.cy.js\"\n}",
              "code": "// Get strings from nopSelectors.json\ncy.fixture('nopSelectors').then(nopValues => {\n  cy.TestLoginPage(nopValues.login);\n  cy.TestCustomerMenu(nopValues.menu);\n  cy.TestCustomerSearch(nopValues.search);\n});",
              "err": {},
              "uuid": "78651648-6b13-4511-bfc6-cf97ddc75bf1",
              "parentUUID": "616a3a04-4eb5-43d9-b8e8-5dff9e223409",
              "isHook": false,
              "skipped": false
            }
          ],
          "suites": [],
          "passes": [
            "78651648-6b13-4511-bfc6-cf97ddc75bf1"
          ],
          "failures": [],
          "pending": [],
          "skipped": [],
          "duration": 7877,
          "root": false,
          "rootEmpty": false,
          "_timeout": 2000
        }
      ],
      "passes": [],
      "failures": [],
      "pending": [],
      "skipped": [],
      "duration": 0,
      "root": true,
      "rootEmpty": true,
      "_timeout": 2000
    }
  ],
  "meta": {
    "mocha": {
      "version": "7.0.1"
    },
    "mochawesome": {
      "options": {
        "quiet": false,
        "reportFilename": "mochaTestRun",
        "saveHtml": true,
        "saveJson": true,
        "consoleReporter": "spec",
        "useInlineDiffs": false,
        "code": true
      },
      "version": "7.1.3"
    },
    "marge": {
      "options": {
        "reportDir": "cypress/reports",
        "reportFilename": "mochaTestRun",
        "charts": true,
        "reportPageTitle": "Mocha Test Suite",
        "html": true,
        "embeddedScreenshots": true,
        "inlineAssets": true
      },
      "version": "6.2.0"
    }
  }
}