{
  "stats": {
    "suites": 1,
    "tests": 3,
    "passes": 2,
    "pending": 0,
    "failures": 1,
    "start": "2023-04-25T07:39:56.976Z",
    "end": "2023-04-25T07:40:13.279Z",
    "duration": 16303,
    "testsRegistered": 3,
    "passPercent": 66.66666666666666,
    "pendingPercent": 0,
    "other": 0,
    "hasOther": false,
    "skipped": 0,
    "hasSkipped": false
  },
  "results": [
    {
      "uuid": "21462a33-f3b4-41ec-ab63-2293253cd1bf",
      "title": "",
      "fullFile": "cypress/e2e/nopComm/command_demo.cy.js",
      "file": "cypress/e2e/nopComm/command_demo.cy.js",
      "beforeHooks": [],
      "afterHooks": [],
      "tests": [],
      "suites": [
        {
          "uuid": "0884cd68-548a-48dc-afec-980ca89b2825",
          "title": "Command demo",
          "fullFile": "",
          "file": "",
          "beforeHooks": [],
          "afterHooks": [],
          "tests": [
            {
              "title": "Clicking link with given text",
              "fullTitle": "Command demo Clicking link with given text",
              "timedOut": null,
              "duration": 3507,
              "state": "passed",
              "speed": "fast",
              "pass": true,
              "fail": false,
              "pending": false,
              "context": "{\n  \"title\": \"cypress-mochawesome-reporter-videos\",\n  \"value\": \"cypress/e2e/nopComm/command_demo.cy.js\"\n}",
              "code": "cy.ClickLinkText({\n  url: \"https://demo.nopcommerce.com/\",\n  link_text: \"MacBook Pro 13-inch\"\n});\ncy.url().should('contain', 'apple-macbook-pro-13-inch');",
              "err": {},
              "uuid": "ec831ef6-de97-4edc-886e-f090ca038400",
              "parentUUID": "0884cd68-548a-48dc-afec-980ca89b2825",
              "isHook": false,
              "skipped": false
            },
            {
              "title": "Drag and Drop demo",
              "fullTitle": "Command demo Drag and Drop demo",
              "timedOut": null,
              "duration": 2993,
              "state": "passed",
              "speed": "fast",
              "pass": true,
              "fail": false,
              "pending": false,
              "context": "{\n  \"title\": \"cypress-mochawesome-reporter-videos\",\n  \"value\": \"cypress/e2e/nopComm/command_demo.cy.js\"\n}",
              "code": "cy.DragDropElement({\n  url: \"http://www.dhtmlgoodies.com/scripts/drag-drop-custom/demo-drag-drop-3.html\",\n  drag_element: '//div[@id=\"dropContent\"]/descendant::div[text()=\"Stockholm\"]',\n  drop_element: 'div#countries',\n  force: true,\n  xpath: true\n});",
              "err": {},
              "uuid": "0eae5572-33fb-4b50-8519-f1a5bc782f94",
              "parentUUID": "0884cd68-548a-48dc-afec-980ca89b2825",
              "isHook": false,
              "skipped": false
            },
            {
              "title": "Editor",
              "fullTitle": "Command demo Editor",
              "timedOut": null,
              "duration": 5124,
              "state": "failed",
              "speed": null,
              "pass": false,
              "fail": true,
              "pending": false,
              "context": "[\n  {\n    \"title\": \"cypress-mochawesome-reporter-videos\",\n    \"value\": \"cypress/e2e/nopComm/command_demo.cy.js\"\n  },\n  {\n    \"title\": \"cypress-mochawesome-reporter-screenshots\",\n    \"value\": [\n      [\n        {\n          \"title\": \"Failed screenshot\",\n          \"value\": \"/command_demo.cy.js/Command demo -- Editor (failed).png\"\n        }\n      ]\n    ]\n  }\n]",
              "code": "/* cy.visit('http://the-internet.herokuapp.com/iframe')\n const iframe = cy.get('#mce_0_ifr')\n    .should('be.visible')\n    .its('0.contentDocument.body')\n    .then(cy.wrap)\n iframe.clear().type(\"Hello world! {ctrl}A\")\n cy.get('button[title=\"Bold\"]')\n    .should('be.visible')\n    .click() */\ncy.IframeEditor({\n  url: 'http://the-internet.herokuapp.com/iframe',\n  editor_text: \"Hello world! {ctrl}A\",\n  iframe: '#mce_0_ifr',\n  editor_button: 'button[title=\"Bold\"]'\n});",
              "err": {
                "message": "CypressError: `cy.clear()` failed because it requires a DOM element.\n\nThe subject received was:\n\n  > `function(){}`\n\nThe previous command that ran was:\n\n  > `cy.then()`",
                "estack": "CypressError: `cy.clear()` failed because it requires a DOM element.\n\nThe subject received was:\n\n  > `function(){}`\n\nThe previous command that ran was:\n\n  > `cy.then()`\n    at isElement (http://the-internet.herokuapp.com/__cypress/runner/cypress_runner.js:164040:66)\n    at validateType (http://the-internet.herokuapp.com/__cypress/runner/cypress_runner.js:163889:14)\n    at Object.isType (http://the-internet.herokuapp.com/__cypress/runner/cypress_runner.js:163920:7)\n    at $Cy.pushSubject (http://the-internet.herokuapp.com/__cypress/runner/cypress_runner.js:163628:22)\n    at wrapped (http://the-internet.herokuapp.com/__cypress/runner/cypress_runner.js:163214:19)\nFrom Your Spec Code:\n    at Context.eval (webpack:///./cypress/support/commands.js:71:11)",
                "diff": null
              },
              "uuid": "9818a417-e35a-40f1-a905-20416b16e8bb",
              "parentUUID": "0884cd68-548a-48dc-afec-980ca89b2825",
              "isHook": false,
              "skipped": false
            }
          ],
          "suites": [],
          "passes": [
            "ec831ef6-de97-4edc-886e-f090ca038400",
            "0eae5572-33fb-4b50-8519-f1a5bc782f94"
          ],
          "failures": [
            "9818a417-e35a-40f1-a905-20416b16e8bb"
          ],
          "pending": [],
          "skipped": [],
          "duration": 11624,
          "root": false,
          "rootEmpty": false,
          "_timeout": 2000
        }
      ],
      "passes": [],
      "failures": [],
      "pending": [],
      "skipped": [],
      "duration": 0,
      "root": true,
      "rootEmpty": true,
      "_timeout": 2000
    }
  ],
  "meta": {
    "mocha": {
      "version": "7.0.1"
    },
    "mochawesome": {
      "options": {
        "quiet": false,
        "reportFilename": "mochaTestRun",
        "saveHtml": false,
        "saveJson": true,
        "consoleReporter": "spec",
        "useInlineDiffs": false,
        "code": true
      },
      "version": "7.1.3"
    },
    "marge": {
      "options": {
        "reportDir": "cypress/reports/.jsons",
        "reportFilename": "mochaTestRun",
        "charts": true,
        "reportPageTitle": "Mocha Test Suite",
        "html": false,
        "embeddedScreenshots": true,
        "inlineAssets": true,
        "overwrite": false,
        "json": true
      },
      "version": "6.2.0"
    }
  }
}