{
  "stats": {
    "suites": 1,
    "tests": 3,
    "passes": 3,
    "pending": 0,
    "failures": 0,
    "start": "2023-04-25T08:13:22.222Z",
    "end": "2023-04-25T08:13:35.472Z",
    "duration": 13250,
    "testsRegistered": 3,
    "passPercent": 100,
    "pendingPercent": 0,
    "other": 0,
    "hasOther": false,
    "skipped": 0,
    "hasSkipped": false
  },
  "results": [
    {
      "uuid": "29b03e9a-e28b-41f5-8c02-e0eb2371b6b7",
      "title": "",
      "fullFile": "cypress/e2e/nopComm/command_demo.cy.js",
      "file": "cypress/e2e/nopComm/command_demo.cy.js",
      "beforeHooks": [],
      "afterHooks": [],
      "tests": [],
      "suites": [
        {
          "uuid": "320fdf2d-3713-45b4-984d-11633f836287",
          "title": "Command demo",
          "fullFile": "",
          "file": "",
          "beforeHooks": [],
          "afterHooks": [],
          "tests": [
            {
              "title": "Clicking link with given text",
              "fullTitle": "Command demo Clicking link with given text",
              "timedOut": null,
              "duration": 2964,
              "state": "passed",
              "speed": "fast",
              "pass": true,
              "fail": false,
              "pending": false,
              "context": "{\n  \"title\": \"cypress-mochawesome-reporter-videos\",\n  \"value\": \"cypress/e2e/nopComm/command_demo.cy.js\"\n}",
              "code": "cy.ClickLinkText({\n  url: \"https://demo.nopcommerce.com/\",\n  link_text: \"MacBook Pro 13-inch\"\n});\ncy.url().should('contain', 'apple-macbook-pro-13-inch');",
              "err": {},
              "uuid": "a4c3c828-0d22-485e-a86d-171ea34cb908",
              "parentUUID": "320fdf2d-3713-45b4-984d-11633f836287",
              "isHook": false,
              "skipped": false
            },
            {
              "title": "Drag and Drop demo",
              "fullTitle": "Command demo Drag and Drop demo",
              "timedOut": null,
              "duration": 2261,
              "state": "passed",
              "speed": "fast",
              "pass": true,
              "fail": false,
              "pending": false,
              "context": "{\n  \"title\": \"cypress-mochawesome-reporter-videos\",\n  \"value\": \"cypress/e2e/nopComm/command_demo.cy.js\"\n}",
              "code": "cy.DragDropElement({\n  url: \"http://www.dhtmlgoodies.com/scripts/drag-drop-custom/demo-drag-drop-3.html\",\n  drag_element: '//div[@id=\"dropContent\"]/descendant::div[text()=\"Stockholm\"]',\n  drop_element: 'div#countries',\n  force: true,\n  xpath: true\n});",
              "err": {},
              "uuid": "f2cefb84-d0a9-49a8-9c37-c96a3db2193a",
              "parentUUID": "320fdf2d-3713-45b4-984d-11633f836287",
              "isHook": false,
              "skipped": false
            },
            {
              "title": "Editor",
              "fullTitle": "Command demo Editor",
              "timedOut": null,
              "duration": 3296,
              "state": "passed",
              "speed": "fast",
              "pass": true,
              "fail": false,
              "pending": false,
              "context": "{\n  \"title\": \"cypress-mochawesome-reporter-videos\",\n  \"value\": \"cypress/e2e/nopComm/command_demo.cy.js\"\n}",
              "code": "cy.IframeEditor({\n  url: 'http://the-internet.herokuapp.com/iframe',\n  editor_text: \"Hello world!\",\n  iframe: '#mce_0_ifr',\n  editor_button: 'button[title=\"Bold\"]'\n});",
              "err": {},
              "uuid": "b05580ac-556c-4b01-a5b3-b67b5ce319a0",
              "parentUUID": "320fdf2d-3713-45b4-984d-11633f836287",
              "isHook": false,
              "skipped": false
            }
          ],
          "suites": [],
          "passes": [
            "a4c3c828-0d22-485e-a86d-171ea34cb908",
            "f2cefb84-d0a9-49a8-9c37-c96a3db2193a",
            "b05580ac-556c-4b01-a5b3-b67b5ce319a0"
          ],
          "failures": [],
          "pending": [],
          "skipped": [],
          "duration": 8521,
          "root": false,
          "rootEmpty": false,
          "_timeout": 2000
        }
      ],
      "passes": [],
      "failures": [],
      "pending": [],
      "skipped": [],
      "duration": 0,
      "root": true,
      "rootEmpty": true,
      "_timeout": 2000
    }
  ],
  "meta": {
    "mocha": {
      "version": "7.0.1"
    },
    "mochawesome": {
      "options": {
        "quiet": false,
        "reportFilename": "mochaTestRun",
        "saveHtml": false,
        "saveJson": true,
        "consoleReporter": "spec",
        "useInlineDiffs": false,
        "code": true
      },
      "version": "7.1.3"
    },
    "marge": {
      "options": {
        "reportDir": "cypress/reports/.jsons",
        "reportFilename": "mochaTestRun",
        "charts": true,
        "reportPageTitle": "Mocha Test Suite",
        "html": false,
        "embeddedScreenshots": true,
        "inlineAssets": true,
        "overwrite": false,
        "json": true
      },
      "version": "6.2.0"
    }
  }
}