{
  "stats": {
    "suites": 1,
    "tests": 1,
    "passes": 1,
    "pending": 0,
    "failures": 0,
    "start": "2023-04-25T03:21:33.767Z",
    "end": "2023-04-25T03:21:36.664Z",
    "duration": 2897,
    "testsRegistered": 1,
    "passPercent": 100,
    "pendingPercent": 0,
    "other": 0,
    "hasOther": false,
    "skipped": 0,
    "hasSkipped": false
  },
  "results": [
    {
      "uuid": "11560d59-9203-4d4c-a0ed-468b2e6cf5cf",
      "title": "",
      "fullFile": "cypress/e2e/LaunchAmazon.cy.js",
      "file": "cypress/e2e/LaunchAmazon.cy.js",
      "beforeHooks": [],
      "afterHooks": [],
      "tests": [],
      "suites": [
        {
          "uuid": "a7615869-0dfc-471f-9520-42b584494449",
          "title": "verify Amazon App",
          "fullFile": "",
          "file": "",
          "beforeHooks": [],
          "afterHooks": [],
          "tests": [
            {
              "title": "verify app title",
              "fullTitle": "verify Amazon App verify app title",
              "timedOut": null,
              "duration": 1223,
              "state": "passed",
              "speed": "fast",
              "pass": true,
              "fail": false,
              "pending": false,
              "context": "{\n  \"title\": \"cypress-mochawesome-reporter-videos\",\n  \"value\": \"cypress/e2e/LaunchAmazon.cy.js\"\n}",
              "code": "// console.log(\"Application title of Amazon App\");\ncy.visit(data.appURL);",
              "err": {},
              "uuid": "17b66652-4fef-4b6a-a2da-9b37de6e5d3c",
              "parentUUID": "a7615869-0dfc-471f-9520-42b584494449",
              "isHook": false,
              "skipped": false
            }
          ],
          "suites": [],
          "passes": [
            "17b66652-4fef-4b6a-a2da-9b37de6e5d3c"
          ],
          "failures": [],
          "pending": [],
          "skipped": [],
          "duration": 1223,
          "root": false,
          "rootEmpty": false,
          "_timeout": 2000
        }
      ],
      "passes": [],
      "failures": [],
      "pending": [],
      "skipped": [],
      "duration": 0,
      "root": true,
      "rootEmpty": true,
      "_timeout": 2000
    }
  ],
  "meta": {
    "mocha": {
      "version": "7.0.1"
    },
    "mochawesome": {
      "options": {
        "quiet": false,
        "reportFilename": "mochaTestRun",
        "saveHtml": false,
        "saveJson": true,
        "consoleReporter": "spec",
        "useInlineDiffs": false,
        "code": true
      },
      "version": "7.1.3"
    },
    "marge": {
      "options": {
        "reportDir": "cypress/reports/.jsons",
        "reportFilename": "mochaTestRun",
        "charts": true,
        "reportPageTitle": "Mocha Test Suite",
        "html": false,
        "embeddedScreenshots": true,
        "inlineAssets": true,
        "overwrite": false,
        "json": true
      },
      "version": "6.2.0"
    }
  }
}