{
  "stats": {
    "suites": 1,
    "tests": 3,
    "passes": 2,
    "pending": 0,
    "failures": 1,
    "start": "2023-04-25T06:48:43.532Z",
    "end": "2023-04-25T06:49:01.813Z",
    "duration": 18281,
    "testsRegistered": 3,
    "passPercent": 66.66666666666666,
    "pendingPercent": 0,
    "other": 0,
    "hasOther": false,
    "skipped": 0,
    "hasSkipped": false
  },
  "results": [
    {
      "uuid": "5bbc7093-fc79-473b-a554-c6b79df28a9e",
      "title": "",
      "fullFile": "cypress/e2e/nopComm/command_demo.cy.js",
      "file": "cypress/e2e/nopComm/command_demo.cy.js",
      "beforeHooks": [],
      "afterHooks": [],
      "tests": [],
      "suites": [
        {
          "uuid": "25ccf0dd-284f-4a39-b048-2a2a1733d92a",
          "title": "Command demo",
          "fullFile": "",
          "file": "",
          "beforeHooks": [],
          "afterHooks": [],
          "tests": [
            {
              "title": "Clicking link with given text",
              "fullTitle": "Command demo Clicking link with given text",
              "timedOut": null,
              "duration": 3386,
              "state": "passed",
              "speed": "fast",
              "pass": true,
              "fail": false,
              "pending": false,
              "context": "{\n  \"title\": \"cypress-mochawesome-reporter-videos\",\n  \"value\": \"cypress/e2e/nopComm/command_demo.cy.js\"\n}",
              "code": "cy.ClickLinkText({\n  url: \"https://demo.nopcommerce.com/\",\n  link_text: \"MacBook Pro 13-inch\"\n});\ncy.url().should('contain', 'apple-macbook-pro-13-inch');",
              "err": {},
              "uuid": "72e18b9d-2562-4a25-ad76-35f53391f235",
              "parentUUID": "25ccf0dd-284f-4a39-b048-2a2a1733d92a",
              "isHook": false,
              "skipped": false
            },
            {
              "title": "Drag and Drop demo",
              "fullTitle": "Command demo Drag and Drop demo",
              "timedOut": null,
              "duration": 2384,
              "state": "passed",
              "speed": "fast",
              "pass": true,
              "fail": false,
              "pending": false,
              "context": "{\n  \"title\": \"cypress-mochawesome-reporter-videos\",\n  \"value\": \"cypress/e2e/nopComm/command_demo.cy.js\"\n}",
              "code": "cy.DragDropElement({\n  url: \"http://www.dhtmlgoodies.com/scripts/drag-drop-custom/demo-drag-drop-3.html\",\n  drag_element: '//div[@id=\"dropContent\"]/descendant::div[text()=\"Stockholm\"]',\n  drop_element: 'div#countries',\n  force: true,\n  xpath: true\n});",
              "err": {},
              "uuid": "8cf39e79-0911-48d7-8c30-be14a72c8434",
              "parentUUID": "25ccf0dd-284f-4a39-b048-2a2a1733d92a",
              "isHook": false,
              "skipped": false
            },
            {
              "title": "Editor",
              "fullTitle": "Command demo Editor",
              "timedOut": null,
              "duration": 7786,
              "state": "failed",
              "speed": null,
              "pass": false,
              "fail": true,
              "pending": false,
              "context": "[\n  {\n    \"title\": \"cypress-mochawesome-reporter-videos\",\n    \"value\": \"cypress/e2e/nopComm/command_demo.cy.js\"\n  },\n  {\n    \"title\": \"cypress-mochawesome-reporter-screenshots\",\n    \"value\": [\n      [\n        {\n          \"title\": \"Failed screenshot\",\n          \"value\": \"/command_demo.cy.js/Command demo -- Editor (failed).png\"\n        }\n      ]\n    ]\n  }\n]",
              "code": "cy.visit('http://the-internet.herokuapp.com/iframe');\ncy.xpath('//body[@id=\"tinymce\"]/p').type(\"try\");\nconst iframe = cy.get('#mce_0_ifr').should('be.visible').its('0.contentDocument.body').then(cy.wrap);\niframe.clear().type(\"Hello world! {ctrl}A\");\ncy.get('button[title=\"Bold]').click();",
              "err": {
                "message": "AssertionError: Timed out retrying after 4000ms: Expected to find element: `//body[@id=\"tinymce\"]/p`, but never found it.",
                "estack": "AssertionError: Timed out retrying after 4000ms: Expected to find element: `//body[@id=\"tinymce\"]/p`, but never found it.\n    at Context.eval (webpack:///./cypress/e2e/nopComm/command_demo.cy.js:26:11)",
                "diff": null
              },
              "uuid": "76c1ca91-03be-4ecf-a2b8-a6171d9115f6",
              "parentUUID": "25ccf0dd-284f-4a39-b048-2a2a1733d92a",
              "isHook": false,
              "skipped": false
            }
          ],
          "suites": [],
          "passes": [
            "72e18b9d-2562-4a25-ad76-35f53391f235",
            "8cf39e79-0911-48d7-8c30-be14a72c8434"
          ],
          "failures": [
            "76c1ca91-03be-4ecf-a2b8-a6171d9115f6"
          ],
          "pending": [],
          "skipped": [],
          "duration": 13556,
          "root": false,
          "rootEmpty": false,
          "_timeout": 2000
        }
      ],
      "passes": [],
      "failures": [],
      "pending": [],
      "skipped": [],
      "duration": 0,
      "root": true,
      "rootEmpty": true,
      "_timeout": 2000
    }
  ],
  "meta": {
    "mocha": {
      "version": "7.0.1"
    },
    "mochawesome": {
      "options": {
        "quiet": false,
        "reportFilename": "mochaTestRun",
        "saveHtml": false,
        "saveJson": true,
        "consoleReporter": "spec",
        "useInlineDiffs": false,
        "code": true
      },
      "version": "7.1.3"
    },
    "marge": {
      "options": {
        "reportDir": "cypress/reports/.jsons",
        "reportFilename": "mochaTestRun",
        "charts": true,
        "reportPageTitle": "Mocha Test Suite",
        "html": false,
        "embeddedScreenshots": true,
        "inlineAssets": true,
        "overwrite": false,
        "json": true
      },
      "version": "6.2.0"
    }
  }
}