{
  "stats": {
    "suites": 1,
    "tests": 3,
    "passes": 3,
    "pending": 0,
    "failures": 0,
    "start": "2023-04-25T08:09:57.026Z",
    "end": "2023-04-25T08:10:14.837Z",
    "duration": 17811,
    "testsRegistered": 3,
    "passPercent": 100,
    "pendingPercent": 0,
    "other": 0,
    "hasOther": false,
    "skipped": 0,
    "hasSkipped": false
  },
  "results": [
    {
      "uuid": "326041d6-b6a8-4e5e-9b7f-455b9ad38fcb",
      "title": "",
      "fullFile": "cypress/e2e/nopComm/command_demo.cy.js",
      "file": "cypress/e2e/nopComm/command_demo.cy.js",
      "beforeHooks": [],
      "afterHooks": [],
      "tests": [],
      "suites": [
        {
          "uuid": "66938223-7584-4c0b-ae9f-32202fb2f04a",
          "title": "Command demo",
          "fullFile": "",
          "file": "",
          "beforeHooks": [],
          "afterHooks": [],
          "tests": [
            {
              "title": "Clicking link with given text",
              "fullTitle": "Command demo Clicking link with given text",
              "timedOut": null,
              "duration": 2982,
              "state": "passed",
              "speed": "fast",
              "pass": true,
              "fail": false,
              "pending": false,
              "context": "{\n  \"title\": \"cypress-mochawesome-reporter-videos\",\n  \"value\": \"cypress/e2e/nopComm/command_demo.cy.js\"\n}",
              "code": "cy.ClickLinkText({\n  url: \"https://demo.nopcommerce.com/\",\n  link_text: \"MacBook Pro 13-inch\"\n});\ncy.url().should('contain', 'apple-macbook-pro-13-inch');",
              "err": {},
              "uuid": "4527e7dd-0c0b-4e5b-80ba-a69a2e8d8c4e",
              "parentUUID": "66938223-7584-4c0b-ae9f-32202fb2f04a",
              "isHook": false,
              "skipped": false
            },
            {
              "title": "Drag and Drop demo",
              "fullTitle": "Command demo Drag and Drop demo",
              "timedOut": null,
              "duration": 1942,
              "state": "passed",
              "speed": "fast",
              "pass": true,
              "fail": false,
              "pending": false,
              "context": "{\n  \"title\": \"cypress-mochawesome-reporter-videos\",\n  \"value\": \"cypress/e2e/nopComm/command_demo.cy.js\"\n}",
              "code": "cy.DragDropElement({\n  url: \"http://www.dhtmlgoodies.com/scripts/drag-drop-custom/demo-drag-drop-3.html\",\n  drag_element: '//div[@id=\"dropContent\"]/descendant::div[text()=\"Stockholm\"]',\n  drop_element: 'div#countries',\n  force: true,\n  xpath: true\n});",
              "err": {},
              "uuid": "5c0f5406-cb3b-4509-a0d7-6cc40ec936c3",
              "parentUUID": "66938223-7584-4c0b-ae9f-32202fb2f04a",
              "isHook": false,
              "skipped": false
            },
            {
              "title": "Editor",
              "fullTitle": "Command demo Editor",
              "timedOut": null,
              "duration": 8120,
              "state": "passed",
              "speed": "medium",
              "pass": true,
              "fail": false,
              "pending": false,
              "context": "{\n  \"title\": \"cypress-mochawesome-reporter-videos\",\n  \"value\": \"cypress/e2e/nopComm/command_demo.cy.js\"\n}",
              "code": "cy.IframeEditor({\n  url: 'http://the-internet.herokuapp.com/iframe',\n  editor_text: \"Hello world!\",\n  iframe: '#mce_0_ifr',\n  editor_button: 'button[title=\"Bold\"]'\n});",
              "err": {},
              "uuid": "8070274c-17a0-4396-9941-d43004800ab7",
              "parentUUID": "66938223-7584-4c0b-ae9f-32202fb2f04a",
              "isHook": false,
              "skipped": false
            }
          ],
          "suites": [],
          "passes": [
            "4527e7dd-0c0b-4e5b-80ba-a69a2e8d8c4e",
            "5c0f5406-cb3b-4509-a0d7-6cc40ec936c3",
            "8070274c-17a0-4396-9941-d43004800ab7"
          ],
          "failures": [],
          "pending": [],
          "skipped": [],
          "duration": 13044,
          "root": false,
          "rootEmpty": false,
          "_timeout": 2000
        }
      ],
      "passes": [],
      "failures": [],
      "pending": [],
      "skipped": [],
      "duration": 0,
      "root": true,
      "rootEmpty": true,
      "_timeout": 2000
    }
  ],
  "meta": {
    "mocha": {
      "version": "7.0.1"
    },
    "mochawesome": {
      "options": {
        "quiet": false,
        "reportFilename": "mochaTestRun",
        "saveHtml": false,
        "saveJson": true,
        "consoleReporter": "spec",
        "useInlineDiffs": false,
        "code": true
      },
      "version": "7.1.3"
    },
    "marge": {
      "options": {
        "reportDir": "cypress/reports/.jsons",
        "reportFilename": "mochaTestRun",
        "charts": true,
        "reportPageTitle": "Mocha Test Suite",
        "html": false,
        "embeddedScreenshots": true,
        "inlineAssets": true,
        "overwrite": false,
        "json": true
      },
      "version": "6.2.0"
    }
  }
}