{
  "stats": {
    "suites": 1,
    "tests": 3,
    "passes": 3,
    "pending": 0,
    "failures": 0,
    "start": "2023-04-25T07:32:47.526Z",
    "end": "2023-04-25T07:33:08.824Z",
    "duration": 21298,
    "testsRegistered": 3,
    "passPercent": 100,
    "pendingPercent": 0,
    "other": 0,
    "hasOther": false,
    "skipped": 0,
    "hasSkipped": false
  },
  "results": [
    {
      "uuid": "7ad3b3a8-d289-4b5c-8132-9a2a1721e3ab",
      "title": "",
      "fullFile": "cypress/e2e/nopComm/command_demo.cy.js",
      "file": "cypress/e2e/nopComm/command_demo.cy.js",
      "beforeHooks": [],
      "afterHooks": [],
      "tests": [],
      "suites": [
        {
          "uuid": "f3ec12f3-459b-4ee4-bb0e-7916d7242e28",
          "title": "Command demo",
          "fullFile": "",
          "file": "",
          "beforeHooks": [],
          "afterHooks": [],
          "tests": [
            {
              "title": "Clicking link with given text",
              "fullTitle": "Command demo Clicking link with given text",
              "timedOut": null,
              "duration": 3956,
              "state": "passed",
              "speed": "fast",
              "pass": true,
              "fail": false,
              "pending": false,
              "context": "{\n  \"title\": \"cypress-mochawesome-reporter-videos\",\n  \"value\": \"cypress/e2e/nopComm/command_demo.cy.js\"\n}",
              "code": "cy.ClickLinkText({\n  url: \"https://demo.nopcommerce.com/\",\n  link_text: \"MacBook Pro 13-inch\"\n});\ncy.url().should('contain', 'apple-macbook-pro-13-inch');",
              "err": {},
              "uuid": "a7353ee3-0b92-45c7-87bb-575e1b88fcdf",
              "parentUUID": "f3ec12f3-459b-4ee4-bb0e-7916d7242e28",
              "isHook": false,
              "skipped": false
            },
            {
              "title": "Drag and Drop demo",
              "fullTitle": "Command demo Drag and Drop demo",
              "timedOut": null,
              "duration": 2882,
              "state": "passed",
              "speed": "fast",
              "pass": true,
              "fail": false,
              "pending": false,
              "context": "{\n  \"title\": \"cypress-mochawesome-reporter-videos\",\n  \"value\": \"cypress/e2e/nopComm/command_demo.cy.js\"\n}",
              "code": "cy.DragDropElement({\n  url: \"http://www.dhtmlgoodies.com/scripts/drag-drop-custom/demo-drag-drop-3.html\",\n  drag_element: '//div[@id=\"dropContent\"]/descendant::div[text()=\"Stockholm\"]',\n  drop_element: 'div#countries',\n  force: true,\n  xpath: true\n});",
              "err": {},
              "uuid": "f4497650-8eaa-4a20-a08f-3b9e76e1ce4c",
              "parentUUID": "f3ec12f3-459b-4ee4-bb0e-7916d7242e28",
              "isHook": false,
              "skipped": false
            },
            {
              "title": "Editor",
              "fullTitle": "Command demo Editor",
              "timedOut": null,
              "duration": 9749,
              "state": "passed",
              "speed": "medium",
              "pass": true,
              "fail": false,
              "pending": false,
              "context": "{\n  \"title\": \"cypress-mochawesome-reporter-videos\",\n  \"value\": \"cypress/e2e/nopComm/command_demo.cy.js\"\n}",
              "code": "/* cy.visit('http://the-internet.herokuapp.com/iframe')\n const iframe = cy.get('#mce_0_ifr')\n    .should('be.visible')\n    .its('0.contentDocument.body')\n    .then(cy.wrap)\n iframe.clear().type(\"Hello world! {ctrl}A\")\n cy.get('button[title=\"Bold\"]')\n    .should('be.visible')\n    .click() */\ncy.IframeEditor({\n  url: 'http://the-internet.herokuapp.com/iframe',\n  editor_text: \"Hello world! {ctrl}A\",\n  iframe: '#mce_0_ifr',\n  editor_button: 'button[title=\"Bold\"]'\n});",
              "err": {},
              "uuid": "3c9375f0-e52a-4789-bc21-2925e7cb8402",
              "parentUUID": "f3ec12f3-459b-4ee4-bb0e-7916d7242e28",
              "isHook": false,
              "skipped": false
            }
          ],
          "suites": [],
          "passes": [
            "a7353ee3-0b92-45c7-87bb-575e1b88fcdf",
            "f4497650-8eaa-4a20-a08f-3b9e76e1ce4c",
            "3c9375f0-e52a-4789-bc21-2925e7cb8402"
          ],
          "failures": [],
          "pending": [],
          "skipped": [],
          "duration": 16587,
          "root": false,
          "rootEmpty": false,
          "_timeout": 2000
        }
      ],
      "passes": [],
      "failures": [],
      "pending": [],
      "skipped": [],
      "duration": 0,
      "root": true,
      "rootEmpty": true,
      "_timeout": 2000
    }
  ],
  "meta": {
    "mocha": {
      "version": "7.0.1"
    },
    "mochawesome": {
      "options": {
        "quiet": false,
        "reportFilename": "mochaTestRun",
        "saveHtml": false,
        "saveJson": true,
        "consoleReporter": "spec",
        "useInlineDiffs": false,
        "code": true
      },
      "version": "7.1.3"
    },
    "marge": {
      "options": {
        "reportDir": "cypress/reports/.jsons",
        "reportFilename": "mochaTestRun",
        "charts": true,
        "reportPageTitle": "Mocha Test Suite",
        "html": false,
        "embeddedScreenshots": true,
        "inlineAssets": true,
        "overwrite": false,
        "json": true
      },
      "version": "6.2.0"
    }
  }
}