{
  "stats": {
    "suites": 1,
    "tests": 3,
    "passes": 2,
    "pending": 0,
    "failures": 1,
    "start": "2023-04-25T06:33:18.469Z",
    "end": "2023-04-25T06:33:43.816Z",
    "duration": 25347,
    "testsRegistered": 3,
    "passPercent": 66.66666666666666,
    "pendingPercent": 0,
    "other": 0,
    "hasOther": false,
    "skipped": 0,
    "hasSkipped": false
  },
  "results": [
    {
      "uuid": "e7d6ff84-5bda-4f2b-abf6-13641d6ac303",
      "title": "",
      "fullFile": "cypress/e2e/nopComm/command_demo.cy.js",
      "file": "cypress/e2e/nopComm/command_demo.cy.js",
      "beforeHooks": [],
      "afterHooks": [],
      "tests": [],
      "suites": [
        {
          "uuid": "b08b07c5-2175-476c-b59b-e186cd7223cb",
          "title": "Command demo",
          "fullFile": "",
          "file": "",
          "beforeHooks": [],
          "afterHooks": [],
          "tests": [
            {
              "title": "Clicking link with given text",
              "fullTitle": "Command demo Clicking link with given text",
              "timedOut": null,
              "duration": 3353,
              "state": "passed",
              "speed": "fast",
              "pass": true,
              "fail": false,
              "pending": false,
              "context": "{\n  \"title\": \"cypress-mochawesome-reporter-videos\",\n  \"value\": \"cypress/e2e/nopComm/command_demo.cy.js\"\n}",
              "code": "cy.ClickLinkText({\n  url: \"https://demo.nopcommerce.com/\",\n  link_text: \"MacBook Pro 13-inch\"\n});\ncy.url().should('contain', 'apple-macbook-pro-13-inch');",
              "err": {},
              "uuid": "6776a2a9-fe7e-49ae-92e4-e2ae64aea53d",
              "parentUUID": "b08b07c5-2175-476c-b59b-e186cd7223cb",
              "isHook": false,
              "skipped": false
            },
            {
              "title": "Drag and Drop demo",
              "fullTitle": "Command demo Drag and Drop demo",
              "timedOut": null,
              "duration": 2276,
              "state": "passed",
              "speed": "fast",
              "pass": true,
              "fail": false,
              "pending": false,
              "context": "{\n  \"title\": \"cypress-mochawesome-reporter-videos\",\n  \"value\": \"cypress/e2e/nopComm/command_demo.cy.js\"\n}",
              "code": "cy.DragDropElement({\n  url: \"http://www.dhtmlgoodies.com/scripts/drag-drop-custom/demo-drag-drop-3.html\",\n  drag_element: '//div[@id=\"dropContent\"]/descendant::div[text()=\"Stockholm\"]',\n  drop_element: 'div#countries',\n  force: true,\n  xpath: true\n});",
              "err": {},
              "uuid": "4c9b7104-f351-4799-bf48-7a65af78dd58",
              "parentUUID": "b08b07c5-2175-476c-b59b-e186cd7223cb",
              "isHook": false,
              "skipped": false
            },
            {
              "title": "Editor",
              "fullTitle": "Command demo Editor",
              "timedOut": null,
              "duration": 14942,
              "state": "failed",
              "speed": null,
              "pass": false,
              "fail": true,
              "pending": false,
              "context": "[\n  {\n    \"title\": \"cypress-mochawesome-reporter-videos\",\n    \"value\": \"cypress/e2e/nopComm/command_demo.cy.js\"\n  },\n  {\n    \"title\": \"cypress-mochawesome-reporter-screenshots\",\n    \"value\": [\n      [\n        {\n          \"title\": \"Failed screenshot\",\n          \"value\": \"/command_demo.cy.js/Command demo -- Editor (failed).png\"\n        }\n      ]\n    ]\n  }\n]",
              "code": "cy.visit('http://the-internet.herokuapp.com/iframe');\ncy.xpath('//body[@id=\"tinymce\"]/p').type(\"try\");",
              "err": {
                "message": "AssertionError: Timed out retrying after 4000ms: Expected to find element: `//body[@id=\"tinymce\"]/p`, but never found it.",
                "estack": "AssertionError: Timed out retrying after 4000ms: Expected to find element: `//body[@id=\"tinymce\"]/p`, but never found it.\n    at Context.eval (webpack:///./cypress/e2e/nopComm/command_demo.cy.js:26:11)",
                "diff": null
              },
              "uuid": "ddbedf8b-fde0-4a20-a6de-d2cb8944b9b1",
              "parentUUID": "b08b07c5-2175-476c-b59b-e186cd7223cb",
              "isHook": false,
              "skipped": false
            }
          ],
          "suites": [],
          "passes": [
            "6776a2a9-fe7e-49ae-92e4-e2ae64aea53d",
            "4c9b7104-f351-4799-bf48-7a65af78dd58"
          ],
          "failures": [
            "ddbedf8b-fde0-4a20-a6de-d2cb8944b9b1"
          ],
          "pending": [],
          "skipped": [],
          "duration": 20571,
          "root": false,
          "rootEmpty": false,
          "_timeout": 2000
        }
      ],
      "passes": [],
      "failures": [],
      "pending": [],
      "skipped": [],
      "duration": 0,
      "root": true,
      "rootEmpty": true,
      "_timeout": 2000
    }
  ],
  "meta": {
    "mocha": {
      "version": "7.0.1"
    },
    "mochawesome": {
      "options": {
        "quiet": false,
        "reportFilename": "mochaTestRun",
        "saveHtml": false,
        "saveJson": true,
        "consoleReporter": "spec",
        "useInlineDiffs": false,
        "code": true
      },
      "version": "7.1.3"
    },
    "marge": {
      "options": {
        "reportDir": "cypress/reports/.jsons",
        "reportFilename": "mochaTestRun",
        "charts": true,
        "reportPageTitle": "Mocha Test Suite",
        "html": false,
        "embeddedScreenshots": true,
        "inlineAssets": true,
        "overwrite": false,
        "json": true
      },
      "version": "6.2.0"
    }
  }
}