{
  "stats": {
    "suites": 1,
    "tests": 1,
    "passes": 0,
    "pending": 0,
    "failures": 1,
    "start": "2023-04-24T06:45:25.158Z",
    "end": "2023-04-24T06:45:31.987Z",
    "duration": 6829,
    "testsRegistered": 1,
    "passPercent": 0,
    "pendingPercent": 0,
    "other": 0,
    "hasOther": false,
    "skipped": 0,
    "hasSkipped": false
  },
  "results": [
    {
      "uuid": "7431f913-489a-4ed4-af5b-1161661eab32",
      "title": "",
      "fullFile": "cypress/e2e/nopComm/midterm_nopcommerce.cy.js",
      "file": "cypress/e2e/nopComm/midterm_nopcommerce.cy.js",
      "beforeHooks": [],
      "afterHooks": [],
      "tests": [],
      "suites": [
        {
          "uuid": "43821f6c-8446-4810-9a1e-23b06bfaa0b7",
          "title": "midterm - nopcommerce login validation",
          "fullFile": "",
          "file": "",
          "beforeHooks": [],
          "afterHooks": [],
          "tests": [
            {
              "title": "login and validation",
              "fullTitle": "midterm - nopcommerce login validation login and validation",
              "timedOut": null,
              "duration": 5311,
              "state": "failed",
              "speed": null,
              "pass": false,
              "fail": true,
              "pending": false,
              "context": null,
              "code": "cy.visit('https://admin-demo.nopcommerce.com/login');\ncy.xpath(\"//input[@id='Email']\").should('be.visible').clear().type('admin@yourstore.com');\ncy.xpath(\"//input[@id='Password']\").should('be.visible').clear().type('admin');\n// Ensure Remember Me checkbox is unchecked\ncy.xpath(\"//input[@id='RememberMe']\").should('be.visible').should('not.be.checked').check();\ncy.xpath(\"//button\").should('be.visible').click();\n// Validate window/tab title\ncy.title().should('contain', 'Dashboard / nopCommerce administration');\n// Validate the page title header\ncy.xpath(\"//div[@class='content-header']\").should('be.visible').should('contain', 'Dashboard');\n// Optional: Customer Menu and searching user\ncy.xpath(\"//a[@class='nav-link']\").should('exist').contains('Customers').click({\n  force: true\n});\ncy.xpath(\"//a[@href='/Admin/Customer/List']\").should('exist').contains('Customers').click({\n  force: true\n});\ncy.xpath(\"//input[@id='SearchEmail']\").should('be.visible').clear().type('victoria_victoria@nopCommerce.com');\ncy.xpath(\"//button[@id='search-customers']\").should('be.visible').click();\ncy.screenshot();",
              "err": {
                "message": "TypeError: The following error originated from your application code, not from Cypress.\n\n  > n is undefined\n\nWhen Cypress detects uncaught errors originating from your application it will automatically fail the current test.\n\nThis behavior is configurable, and you can choose to turn this off by listening to the `uncaught:exception` event.\n\nhttps://on.cypress.io/uncaught-exception-from-application",
                "estack": "TypeError: The following error originated from your application code, not from Cypress.\n\n  > n is undefined\n\nWhen Cypress detects uncaught errors originating from your application it will automatically fail the current test.\n\nThis behavior is configurable, and you can choose to turn this off by listening to the `uncaught:exception` event.\n\nhttps://on.cypress.io/uncaught-exception-from-application\nat h (https://admin-demo.nopcommerce.com/js/qlvfucyxvmxlswx0bx1vxg.scripts.js?v=M1Ov74NfRaEDWnAXADkDp5tuu80:149:16611)\nat c (https://admin-demo.nopcommerce.com/lib_npm/jquery/jquery.min.js?v=LO1ZLwpRUE4YpyjPJfd6yZIfA9I:2:28327)\nat fireWith (https://admin-demo.nopcommerce.com/lib_npm/jquery/jquery.min.js?v=LO1ZLwpRUE4YpyjPJfd6yZIfA9I:2:29072)\nat l (https://admin-demo.nopcommerce.com/lib_npm/jquery/jquery.min.js?v=LO1ZLwpRUE4YpyjPJfd6yZIfA9I:2:79901)\nat send/o (https://admin-demo.nopcommerce.com/lib_npm/jquery/jquery.min.js?v=LO1ZLwpRUE4YpyjPJfd6yZIfA9I:2:82330)",
                "diff": null
              },
              "uuid": "06bb65ec-4d38-4049-902a-d499d60d15d6",
              "parentUUID": "43821f6c-8446-4810-9a1e-23b06bfaa0b7",
              "isHook": false,
              "skipped": false
            }
          ],
          "suites": [],
          "passes": [],
          "failures": [
            "06bb65ec-4d38-4049-902a-d499d60d15d6"
          ],
          "pending": [],
          "skipped": [],
          "duration": 5311,
          "root": false,
          "rootEmpty": false,
          "_timeout": 2000
        }
      ],
      "passes": [],
      "failures": [],
      "pending": [],
      "skipped": [],
      "duration": 0,
      "root": true,
      "rootEmpty": true,
      "_timeout": 2000
    }
  ],
  "meta": {
    "mocha": {
      "version": "7.0.1"
    },
    "mochawesome": {
      "options": {
        "quiet": false,
        "reportFilename": "mochaTestRun",
        "saveHtml": false,
        "saveJson": true,
        "consoleReporter": "spec",
        "useInlineDiffs": false,
        "code": true
      },
      "version": "7.1.3"
    },
    "marge": {
      "options": {
        "reportDir": "cypress/reports/.jsons",
        "reportFilename": "mochaTestRun",
        "charts": true,
        "reportPageTitle": "Mocha Test Suite",
        "html": false,
        "embeddedScreenshots": true,
        "inlineAssets": true,
        "overwrite": false,
        "json": true
      },
      "version": "6.2.0"
    }
  }
}